This is pdfTeX, Version 3.14159265-2.6-1.40.15 (TeX Live 2014/W32TeX) (preloaded format=pdflatex 2014.6.23)  19 MAR 2020 16:37
entering extended mode
 restricted \write18 enabled.
 %&-line parsing enabled.
**thesis.tex
(./thesis.tex
LaTeX2e <2014/05/01>
Babel <3.9k> and hyphenation patterns for 78 languages loaded.
(c:/texlive/2014/texmf-dist/tex/latex/base/article.cls
Document Class: article 2007/10/19 v1.4h Standard LaTeX document class
(c:/texlive/2014/texmf-dist/tex/latex/base/size10.clo
File: size10.clo 2007/10/19 v1.4h Standard LaTeX file (size option)
)
\c@part=\count79
\c@section=\count80
\c@subsection=\count81
\c@subsubsection=\count82
\c@paragraph=\count83
\c@subparagraph=\count84
\c@figure=\count85
\c@table=\count86
\abovecaptionskip=\skip41
\belowcaptionskip=\skip42
\bibindent=\dimen102
)
(c:/texlive/2014/texmf-dist/tex/latex/cite/cite.sty
LaTeX Info: Redefining \cite on input line 302.
LaTeX Info: Redefining \nocite on input line 373.
Package: cite 2010/09/10  v 5.3
) (./thesis.aux)
\openout1 = `thesis.aux'.

LaTeX Font Info:    Checking defaults for OML/cmm/m/it on input line 11.
LaTeX Font Info:    ... okay on input line 11.
LaTeX Font Info:    Checking defaults for T1/cmr/m/n on input line 11.
LaTeX Font Info:    ... okay on input line 11.
LaTeX Font Info:    Checking defaults for OT1/cmr/m/n on input line 11.
LaTeX Font Info:    ... okay on input line 11.
LaTeX Font Info:    Checking defaults for OMS/cmsy/m/n on input line 11.
LaTeX Font Info:    ... okay on input line 11.
LaTeX Font Info:    Checking defaults for OMX/cmex/m/n on input line 11.
LaTeX Font Info:    ... okay on input line 11.
LaTeX Font Info:    Checking defaults for U/cmr/m/n on input line 11.
LaTeX Font Info:    ... okay on input line 11.
LaTeX Font Info:    External font `cmex10' loaded for size
(Font)              <12> on input line 12.
LaTeX Font Info:    External font `cmex10' loaded for size
(Font)              <8> on input line 12.
LaTeX Font Info:    External font `cmex10' loaded for size
(Font)              <6> on input line 12.

Underfull \hbox (badness 10000) in paragraph at lines 16--19

 []


Underfull \hbox (badness 10000) in paragraph at lines 21--23

 []


Underfull \hbox (badness 10000) in paragraph at lines 25--29

 []


Underfull \hbox (badness 10000) in paragraph at lines 37--38

 []

[1

{c:/texlive/2014/texmf-var/fonts/map/pdftex/updmap/pdftex.map}] [2] [3]
(./thesis.bbl
Underfull \hbox (badness 1997) in paragraph at lines 4--8
[]\OT1/cmr/m/n/10 Lukas Barth, An-dreas Gemsa, Ben-jamin Nie-der-mann, and Mar-
tin
 []

[4]) [5] (./thesis.aux) ) 
Here is how much of TeX's memory you used:
 352 strings out of 493117
 4067 string characters out of 6138984
 57909 words of memory out of 5000000
 3882 multiletter control sequences out of 15000+600000
 8241 words of font info for 29 fonts, out of 8000000 for 9000
 1141 hyphenation exceptions out of 8191
 23i,6n,21p,563b,201s stack positions out of 5000i,500n,10000p,200000b,80000s
<c:/texlive/2014/texmf-dist/fonts/type1/public/amsfont
s/cm/cmbx10.pfb><c:/texlive/2014/texmf-dist/fonts/type1/public/amsfonts/cm/cmbx
12.pfb><c:/texlive/2014/texmf-dist/fonts/type1/public/amsfonts/cm/cmr10.pfb><c:
/texlive/2014/texmf-dist/fonts/type1/public/amsfonts/cm/cmr12.pfb><c:/texlive/2
014/texmf-dist/fonts/type1/public/amsfonts/cm/cmr17.pfb><c:/texlive/2014/texmf-
dist/fonts/type1/public/amsfonts/cm/cmti10.pfb>
Output written on thesis.pdf (5 pages, 106370 bytes).
PDF statistics:
 44 PDF objects out of 1000 (max. 8388607)
 30 compressed objects within 1 object stream
 0 named destinations out of 1000 (max. 500000)
 1 words of extra memory for PDF output out of 10000 (max. 10000000)

